0befe54b-12c3-49b1-9e4d-9b36b0128284 runner@fv-az1113-935:~/work/test-aws/test-aws timestamp=1707253446.670254665s
1624611c-74fa-4987-af5e-5df0325aa222 hgazula@node035:/net/vast-storage/scratch/vast/gablab/hgazula/test-aws timestamp=1707929800.892160167s
1d7f5d5a-dd55-4290-a00d-8013e8dc1300 harsha@HGs-MBP.local:~/Documents/test-aws timestamp=1707261740s
1f187444-ae8d-45e8-9ad5-3d8f7d34c6b2 runner@fv-az711-457:~/work/test-aws/test-aws timestamp=1707251985.051102552s
3cae2edc-0597-4f96-8c9c-8de4441ba71b root@ip-172-31-45-48:/actions-runner/_work/test-aws/test-aws timestamp=1699576272.22189807s
3e3614cb-3c89-4f5a-8d50-6dc56edd815c runner@fv-az773-747:~/work/test-aws/test-aws timestamp=1707885158.204815697s
59d96b2a-e8ab-4494-bcf0-59bbbbf7c6e3 harsha@HGs-MBP.local:~/Documents/test-aws timestamp=1699397862.51479s
5dac5a26-4763-4b52-84a1-595d44ee2363 runner@fv-az1272-501:~/work/test-aws/test-aws timestamp=1707937806.80090674s
5dd43d89-9551-48ca-ad70-ba9c0cb9899f root@ip-172-31-47-155:/actions-runner/_work/test-aws/test-aws timestamp=1707281400s
6156526e-2ca4-47a3-b247-cc09d9720710 runner@fv-az773-747:~/work/test-aws/test-aws timestamp=1707852246.063018944s
641dae76-d2f9-41d9-a009-1f11bffc2350 test-aws-storage timestamp=1699373605.300991s
70e00f3d-8f4d-439f-a4cc-ed28c93c3700 root@ip-172-31-36-22:/actions-runner/_work/test-aws/test-aws timestamp=1707871233s
719ae448-4a32-495c-9ab5-8a2e4650a16b harsha@Harshas-Mac-mini.local:~/Documents/test-aws timestamp=1707847693.049675s
72d088b8-8257-456e-b4be-b27cef84785f root@ip-172-31-32-239:/actions-runner/_work/test-aws/test-aws timestamp=1707325786s
75a2f4ba-8431-4f82-b718-ba39ab6f857c root@ip-172-31-45-85:/actions-runner/_work/test-aws/test-aws timestamp=1707315772s
7fed63a4-14cf-4626-8a70-b4162241dcea runner@fv-az693-214:~/work/test-aws/test-aws timestamp=1707353088.694386263s
80b38f02-b698-4512-a9ec-49600650cf97 root@ip-172-31-35-129:/actions-runner/_work/test-aws/test-aws timestamp=1699572654.652001348s
991adfc9-fb35-4494-89d8-8c138329e9cf runner@fv-az1385-71:~/work/test-aws/test-aws timestamp=1707886333.934280304s
9c5c9676-7c0c-43f5-bec1-095a292aecf4 root@ip-172-31-37-123:/actions-runner/_work/test-aws/test-aws timestamp=1699469689.605259581s
9cf6b412-569a-4050-aae0-1eb733036680 root@ip-172-31-43-194:/actions-runner/_work/test-aws/test-aws timestamp=1699574126.936015599s
ade747e1-3d76-457f-af03-3960d40d02fe runner@fv-az847-82:~/work/test-aws/test-aws timestamp=1707849153.197305669s
bd9ad9ca-823f-4671-a8f5-84753512e9d3 runner@fv-az1113-238:~/work/test-aws/test-aws timestamp=1699475176.912104577s
bda78a42-a092-4836-9ff4-2ae189285ede runner@fv-az885-731:~/work/test-aws/test-aws timestamp=1707851771.418577332s
c8602065-1a6c-4cc2-aba1-afcd54db009e root@ip-172-31-34-23:/actions-runner/_work/test-aws/test-aws timestamp=1707326619s
cd9933f0-a961-4ac2-95e5-debf8cee533a runner@fv-az736-670:~/work/test-aws/test-aws timestamp=1707873481.978124906s
ced48dee-99a9-4901-8cbf-d346fa008ea8 harsha@Harshas-Mac-mini.local:~/Documents/test-aws timestamp=1707851597.905693s
d2cae0c6-33c5-43dc-8572-24b0f7da4992 runner@fv-az1435-651:~/work/test-aws/test-aws timestamp=1707325430.983368846s
d89fda2c-8af8-4356-8140-0425986745cc harsha@HGs-MBP.local:~/Documents/test-aws timestamp=1707225246s
db0ab955-5c87-4ff4-8ac8-f9d5170bf278 runner@fv-az1487-577:~/work/test-aws/test-aws timestamp=1707873781.98575888s
ddc03289-5a7d-4b0a-aef0-d0c260ce123d root@ip-172-31-36-234:/actions-runner/_work/test-aws/test-aws timestamp=1707316501s
eacd3251-e328-4df0-99c8-b7d80b94e48e root@ip-172-31-43-26:/actions-runner/_work/test-aws/test-aws timestamp=1699575052.636330873s
eaeae70f-8bbd-4cfd-a21b-4687cb59985c runner@fv-az740-811:~/work/test-aws/test-aws timestamp=1707251761.271562981s
ec4cb4ae-e101-4b74-843f-19d092102003 harsha@Harshas-Mac-mini.local:~/Documents/test-aws timestamp=1699373494.775733s
eeb65153-e232-40fd-9f95-4e2d857ae1cc runner@fv-az1385-306:~/work/test-aws/test-aws timestamp=1699468941.741637702s
efa42819-046f-472c-a582-21ae414ada7f runner@fv-az1247-62:~/work/test-aws/test-aws timestamp=1707930038.800813781s
ff011baa-6652-45a9-944b-96aef259b3b1 harsha@HGs-MBP.local:~/Documents/test-aws timestamp=1707864385s
